2019-02-19 11:20:27.999  INFO 42536 --- [main] com.waylau.spring.boot.blog.Application  : Starting Application on DESKTOP-ACSFKM0 with PID 42536 (E:\JavaProject\blog\out\production\classes started by Lenovo in E:\JavaProject\blog)
2019-02-19 11:20:28.006  INFO 42536 --- [main] com.waylau.spring.boot.blog.Application  : No active profile set, falling back to default profiles: default
2019-02-19 11:20:28.482  INFO 42536 --- [main] ationConfigEmbeddedWebApplicationContext : Refreshing org.springframework.boot.context.embedded.AnnotationConfigEmbeddedWebApplicationContext@488d1cd7: startup date [Tue Feb 19 11:20:28 CST 2019]; root of context hierarchy
2019-02-19 11:20:30.017  INFO 42536 --- [main] .s.d.r.c.RepositoryConfigurationDelegate : Multiple Spring Data modules found, entering strict repository configuration mode!
2019-02-19 11:20:30.093  INFO 42536 --- [main] .RepositoryConfigurationExtensionSupport : Spring Data Elasticsearch - Could not safely identify store assignment for repository candidate interface com.waylau.spring.boot.blog.repository.BlogRepository.
2019-02-19 11:20:30.100  INFO 42536 --- [main] .RepositoryConfigurationExtensionSupport : Spring Data Elasticsearch - Could not safely identify store assignment for repository candidate interface com.waylau.spring.boot.blog.repository.CatalogRepository.
2019-02-19 11:20:30.103  INFO 42536 --- [main] .RepositoryConfigurationExtensionSupport : Spring Data Elasticsearch - Could not safely identify store assignment for repository candidate interface com.waylau.spring.boot.blog.repository.VoteRepository.
2019-02-19 11:20:30.105  INFO 42536 --- [main] .RepositoryConfigurationExtensionSupport : Spring Data Elasticsearch - Could not safely identify store assignment for repository candidate interface com.waylau.spring.boot.blog.repository.CommentRepository.
2019-02-19 11:20:30.110  INFO 42536 --- [main] .RepositoryConfigurationExtensionSupport : Spring Data Elasticsearch - Could not safely identify store assignment for repository candidate interface com.waylau.spring.boot.blog.repository.UserRepository.
2019-02-19 11:20:30.113  INFO 42536 --- [main] .RepositoryConfigurationExtensionSupport : Spring Data Elasticsearch - Could not safely identify store assignment for repository candidate interface com.waylau.spring.boot.blog.repository.AuthorityRepository.
2019-02-19 11:20:30.156  INFO 42536 --- [main] .s.d.r.c.RepositoryConfigurationDelegate : Multiple Spring Data modules found, entering strict repository configuration mode!
2019-02-19 11:20:30.208  INFO 42536 --- [main] .RepositoryConfigurationExtensionSupport : Spring Data JPA - Could not safely identify store assignment for repository candidate interface com.waylau.spring.boot.blog.repository.es.EsBlogRepository.
2019-02-19 11:20:31.398  INFO 42536 --- [main] trationDelegate$BeanPostProcessorChecker : Bean 'org.springframework.transaction.annotation.ProxyTransactionManagementConfiguration' of type [org.springframework.transaction.annotation.ProxyTransactionManagementConfiguration$$EnhancerBySpringCGLIB$$a4f94935] is not eligible for getting processed by all BeanPostProcessors (for example: not eligible for auto-proxying)
2019-02-19 11:20:31.494  INFO 42536 --- [main] trationDelegate$BeanPostProcessorChecker : Bean 'org.springframework.security.config.annotation.configuration.ObjectPostProcessorConfiguration' of type [org.springframework.security.config.annotation.configuration.ObjectPostProcessorConfiguration$$EnhancerBySpringCGLIB$$3da7116f] is not eligible for getting processed by all BeanPostProcessors (for example: not eligible for auto-proxying)
2019-02-19 11:20:31.514  INFO 42536 --- [main] trationDelegate$BeanPostProcessorChecker : Bean 'objectPostProcessor' of type [org.springframework.security.config.annotation.configuration.AutowireBeanFactoryObjectPostProcessor] is not eligible for getting processed by all BeanPostProcessors (for example: not eligible for auto-proxying)
2019-02-19 11:20:31.519  INFO 42536 --- [main] trationDelegate$BeanPostProcessorChecker : Bean 'org.springframework.security.access.expression.method.DefaultMethodSecurityExpressionHandler@1c26273d' of type [org.springframework.security.access.expression.method.DefaultMethodSecurityExpressionHandler] is not eligible for getting processed by all BeanPostProcessors (for example: not eligible for auto-proxying)
2019-02-19 11:20:31.531  INFO 42536 --- [main] trationDelegate$BeanPostProcessorChecker : Bean 'org.springframework.security.config.annotation.method.configuration.GlobalMethodSecurityConfiguration' of type [org.springframework.security.config.annotation.method.configuration.GlobalMethodSecurityConfiguration$$EnhancerBySpringCGLIB$$627bb421] is not eligible for getting processed by all BeanPostProcessors (for example: not eligible for auto-proxying)
2019-02-19 11:20:31.550  INFO 42536 --- [main] trationDelegate$BeanPostProcessorChecker : Bean 'methodSecurityMetadataSource' of type [org.springframework.security.access.method.DelegatingMethodSecurityMetadataSource] is not eligible for getting processed by all BeanPostProcessors (for example: not eligible for auto-proxying)
2019-02-19 11:20:32.220  INFO 42536 --- [main] s.b.c.e.t.TomcatEmbeddedServletContainer : Tomcat initialized with port(s): 8080 (http)
2019-02-19 11:20:32.240  INFO 42536 --- [main] o.apache.catalina.core.StandardService   : Starting service Tomcat
2019-02-19 11:20:32.242  INFO 42536 --- [main] org.apache.catalina.core.StandardEngine  : Starting Servlet Engine: Apache Tomcat/8.5.11
2019-02-19 11:20:32.457  INFO 42536 --- [localhost-startStop-1] o.a.c.c.C.[Tomcat].[localhost].[/]       : Initializing Spring embedded WebApplicationContext
2019-02-19 11:20:32.458  INFO 42536 --- [localhost-startStop-1] o.s.web.context.ContextLoader            : Root WebApplicationContext: initialization completed in 3980 ms
2019-02-19 11:20:32.956  INFO 42536 --- [localhost-startStop-1] o.s.b.w.servlet.FilterRegistrationBean   : Mapping filter: 'characterEncodingFilter' to: [/*]
2019-02-19 11:20:32.957  INFO 42536 --- [localhost-startStop-1] o.s.b.w.servlet.FilterRegistrationBean   : Mapping filter: 'hiddenHttpMethodFilter' to: [/*]
2019-02-19 11:20:32.958  INFO 42536 --- [localhost-startStop-1] o.s.b.w.servlet.FilterRegistrationBean   : Mapping filter: 'httpPutFormContentFilter' to: [/*]
2019-02-19 11:20:32.958  INFO 42536 --- [localhost-startStop-1] o.s.b.w.servlet.FilterRegistrationBean   : Mapping filter: 'requestContextFilter' to: [/*]
2019-02-19 11:20:32.961  INFO 42536 --- [localhost-startStop-1] .s.DelegatingFilterProxyRegistrationBean : Mapping filter: 'springSecurityFilterChain' to: [/*]
2019-02-19 11:20:32.962  INFO 42536 --- [localhost-startStop-1] o.s.b.w.servlet.ServletRegistrationBean  : Mapping servlet: 'dispatcherServlet' to [/]
2019-02-19 11:20:33.564  WARN 42536 --- [main] o.a.tomcat.jdbc.pool.ConnectionPool      : maxIdle is larger than maxActive, setting maxIdle to: 20
2019-02-19 11:20:34.227  INFO 42536 --- [main] j.LocalContainerEntityManagerFactoryBean : Building JPA container EntityManagerFactory for persistence unit 'default'
2019-02-19 11:20:34.244  INFO 42536 --- [main] o.hibernate.jpa.internal.util.LogHelper  : HHH000204: Processing PersistenceUnitInfo [
	name: default
	...]
2019-02-19 11:20:34.434  INFO 42536 --- [main] org.hibernate.Version                    : HHH000412: Hibernate Core {5.2.8.Final}
2019-02-19 11:20:34.450  INFO 42536 --- [main] org.hibernate.cfg.Environment            : HHH000206: hibernate.properties not found
2019-02-19 11:20:34.549  INFO 42536 --- [main] o.hibernate.annotations.common.Version   : HCANN000001: Hibernate Commons Annotations {5.0.1.Final}
2019-02-19 11:20:35.143  INFO 42536 --- [main] org.hibernate.dialect.Dialect            : HHH000400: Using dialect: org.hibernate.dialect.MySQL5Dialect
2019-02-19 11:20:36.919  INFO 42536 --- [main] j.LocalContainerEntityManagerFactoryBean : Initialized JPA EntityManagerFactory for persistence unit 'default'
2019-02-19 11:20:39.527  INFO 42536 --- [main] org.elasticsearch.plugins                : [Letha] modules [], plugins [], sites []
2019-02-19 11:20:41.049  INFO 42536 --- [main] o.s.d.e.c.TransportClientFactoryBean     : adding transport node : 192.168.213.129:9300
2019-02-19 11:20:41.520 ERROR 42536 --- [main] .d.e.r.s.AbstractElasticsearchRepository : failed to load elasticsearch nodes : org.elasticsearch.index.mapper.MapperParsingException: No type specified for field [blogId]
2019-02-19 11:20:42.466  INFO 42536 --- [main] o.s.s.web.DefaultSecurityFilterChain     : Creating filter chain: org.springframework.security.web.util.matcher.AnyRequestMatcher@1, [org.springframework.security.web.context.request.async.WebAsyncManagerIntegrationFilter@3e3a07ab, org.springframework.security.web.context.SecurityContextPersistenceFilter@2c7607e5, org.springframework.security.web.header.HeaderWriterFilter@6d387e9b, org.springframework.security.web.csrf.CsrfFilter@66d73e2d, org.springframework.security.web.authentication.logout.LogoutFilter@4babe06f, org.springframework.security.web.authentication.UsernamePasswordAuthenticationFilter@2318651f, org.springframework.security.web.savedrequest.RequestCacheAwareFilter@533a27f8, org.springframework.security.web.servletapi.SecurityContextHolderAwareRequestFilter@24890021, org.springframework.security.web.authentication.rememberme.RememberMeAuthenticationFilter@3f04fb07, org.springframework.security.web.authentication.AnonymousAuthenticationFilter@3f3a529f, org.springframework.security.web.session.SessionManagementFilter@304704ae, org.springframework.security.web.access.ExceptionTranslationFilter@66c32e15, org.springframework.security.web.access.intercept.FilterSecurityInterceptor@43d84df1]
2019-02-19 11:20:42.664  INFO 42536 --- [main] s.w.s.m.m.a.RequestMappingHandlerAdapter : Looking for @ControllerAdvice: org.springframework.boot.context.embedded.AnnotationConfigEmbeddedWebApplicationContext@488d1cd7: startup date [Tue Feb 19 11:20:28 CST 2019]; root of context hierarchy
2019-02-19 11:20:42.866  INFO 42536 --- [main] s.w.s.m.m.a.RequestMappingHandlerMapping : Mapped "{[/admins],methods=[GET]}" onto public org.springframework.web.servlet.ModelAndView com.waylau.spring.boot.blog.controlller.AdminController.listUsers(org.springframework.ui.Model)
2019-02-19 11:20:42.867  INFO 42536 --- [main] s.w.s.m.m.a.RequestMappingHandlerMapping : Mapped "{[/blogs],methods=[GET]}" onto public java.lang.String com.waylau.spring.boot.blog.controlller.BlogController.listEsBlogs(java.lang.String,java.lang.String,boolean,int,int,org.springframework.ui.Model)
2019-02-19 11:20:42.874  INFO 42536 --- [main] s.w.s.m.m.a.RequestMappingHandlerMapping : Mapped "{[/catalogs/{id}],methods=[DELETE]}" onto public org.springframework.http.ResponseEntity<com.waylau.spring.boot.blog.vo.Response> com.waylau.spring.boot.blog.controlller.CatalogController.delete(java.lang.String,java.lang.Long)
2019-02-19 11:20:42.874  INFO 42536 --- [main] s.w.s.m.m.a.RequestMappingHandlerMapping : Mapped "{[/catalogs],methods=[POST]}" onto public org.springframework.http.ResponseEntity<com.waylau.spring.boot.blog.vo.Response> com.waylau.spring.boot.blog.controlller.CatalogController.create(com.waylau.spring.boot.blog.vo.CatalogVO)
2019-02-19 11:20:42.874  INFO 42536 --- [main] s.w.s.m.m.a.RequestMappingHandlerMapping : Mapped "{[/catalogs/edit/{id}],methods=[GET]}" onto public java.lang.String com.waylau.spring.boot.blog.controlller.CatalogController.getCatalogById(java.lang.Long,org.springframework.ui.Model)
2019-02-19 11:20:42.875  INFO 42536 --- [main] s.w.s.m.m.a.RequestMappingHandlerMapping : Mapped "{[/catalogs],methods=[GET]}" onto public java.lang.String com.waylau.spring.boot.blog.controlller.CatalogController.listComments(java.lang.String,org.springframework.ui.Model)
2019-02-19 11:20:42.875  INFO 42536 --- [main] s.w.s.m.m.a.RequestMappingHandlerMapping : Mapped "{[/catalogs/edit],methods=[GET]}" onto public java.lang.String com.waylau.spring.boot.blog.controlller.CatalogController.getCatalogEdit(org.springframework.ui.Model)
2019-02-19 11:20:42.876  INFO 42536 --- [main] s.w.s.m.m.a.RequestMappingHandlerMapping : Mapped "{[/comments/{id}],methods=[DELETE]}" onto public org.springframework.http.ResponseEntity<com.waylau.spring.boot.blog.vo.Response> com.waylau.spring.boot.blog.controlller.CommentController.delete(java.lang.Long,java.lang.Long)
2019-02-19 11:20:42.876  INFO 42536 --- [main] s.w.s.m.m.a.RequestMappingHandlerMapping : Mapped "{[/comments],methods=[GET]}" onto public java.lang.String com.waylau.spring.boot.blog.controlller.CommentController.listComments(java.lang.Long,org.springframework.ui.Model)
2019-02-19 11:20:42.876  INFO 42536 --- [main] s.w.s.m.m.a.RequestMappingHandlerMapping : Mapped "{[/comments],methods=[POST]}" onto public org.springframework.http.ResponseEntity<com.waylau.spring.boot.blog.vo.Response> com.waylau.spring.boot.blog.controlller.CommentController.createComment(java.lang.Long,java.lang.String,javax.servlet.http.HttpServletRequest)
2019-02-19 11:20:42.879  INFO 42536 --- [main] s.w.s.m.m.a.RequestMappingHandlerMapping : Mapped "{[/error],methods=[GET]}" onto public java.lang.String com.waylau.spring.boot.blog.controlller.MainController.error()
2019-02-19 11:20:42.880  INFO 42536 --- [main] s.w.s.m.m.a.RequestMappingHandlerMapping : Mapped "{[/index],methods=[GET]}" onto public java.lang.String com.waylau.spring.boot.blog.controlller.MainController.index()
2019-02-19 11:20:42.880  INFO 42536 --- [main] s.w.s.m.m.a.RequestMappingHandlerMapping : Mapped "{[/register],methods=[GET]}" onto public java.lang.String com.waylau.spring.boot.blog.controlller.MainController.register()
2019-02-19 11:20:42.880  INFO 42536 --- [main] s.w.s.m.m.a.RequestMappingHandlerMapping : Mapped "{[/],methods=[GET]}" onto public java.lang.String com.waylau.spring.boot.blog.controlller.MainController.root()
2019-02-19 11:20:42.881  INFO 42536 --- [main] s.w.s.m.m.a.RequestMappingHandlerMapping : Mapped "{[/verify],methods=[GET]}" onto public org.springframework.http.ResponseEntity<com.waylau.spring.boot.blog.vo.Response> com.waylau.spring.boot.blog.controlller.MainController.verify(java.lang.String)
2019-02-19 11:20:42.881  INFO 42536 --- [main] s.w.s.m.m.a.RequestMappingHandlerMapping : Mapped "{[/login],methods=[GET]}" onto public java.lang.String com.waylau.spring.boot.blog.controlller.MainController.login()
2019-02-19 11:20:42.881  INFO 42536 --- [main] s.w.s.m.m.a.RequestMappingHandlerMapping : Mapped "{[/login-error],methods=[GET]}" onto public java.lang.String com.waylau.spring.boot.blog.controlller.MainController.loginError(org.springframework.ui.Model)
2019-02-19 11:20:42.886  INFO 42536 --- [main] s.w.s.m.m.a.RequestMappingHandlerMapping : Mapped "{[/users/{id}],methods=[DELETE]}" onto public org.springframework.http.ResponseEntity<com.waylau.spring.boot.blog.vo.Response> com.waylau.spring.boot.blog.controlller.UserController.delete(java.lang.Long,org.springframework.ui.Model)
2019-02-19 11:20:42.887  INFO 42536 --- [main] s.w.s.m.m.a.RequestMappingHandlerMapping : Mapped "{[/users],methods=[GET]}" onto public org.springframework.web.servlet.ModelAndView com.waylau.spring.boot.blog.controlller.UserController.list(boolean,int,int,java.lang.String,org.springframework.ui.Model)
2019-02-19 11:20:42.887  INFO 42536 --- [main] s.w.s.m.m.a.RequestMappingHandlerMapping : Mapped "{[/users/add],methods=[GET]}" onto public org.springframework.web.servlet.ModelAndView com.waylau.spring.boot.blog.controlller.UserController.createForm(org.springframework.ui.Model)
2019-02-19 11:20:42.887  INFO 42536 --- [main] s.w.s.m.m.a.RequestMappingHandlerMapping : Mapped "{[/users/edit/{id}],methods=[GET]}" onto public org.springframework.web.servlet.ModelAndView com.waylau.spring.boot.blog.controlller.UserController.modifyForm(java.lang.Long,org.springframework.ui.Model)
2019-02-19 11:20:42.887  INFO 42536 --- [main] s.w.s.m.m.a.RequestMappingHandlerMapping : Mapped "{[/users],methods=[POST]}" onto public org.springframework.http.ResponseEntity<com.waylau.spring.boot.blog.vo.Response> com.waylau.spring.boot.blog.controlller.UserController.saveOrUpateUser(com.waylau.spring.boot.blog.domain.User,java.lang.Long)
2019-02-19 11:20:42.891  INFO 42536 --- [main] s.w.s.m.m.a.RequestMappingHandlerMapping : Mapped "{[/u/{username}/profile],methods=[GET]}" onto public org.springframework.web.servlet.ModelAndView com.waylau.spring.boot.blog.controlller.UserspaceController.profile(java.lang.String,org.springframework.ui.Model)
2019-02-19 11:20:42.892  INFO 42536 --- [main] s.w.s.m.m.a.RequestMappingHandlerMapping : Mapped "{[/u/{username}/blogs],methods=[GET]}" onto public java.lang.String com.waylau.spring.boot.blog.controlller.UserspaceController.listBlogsByOrder(java.lang.String,java.lang.String,java.lang.Long,java.lang.String,boolean,int,int,org.springframework.ui.Model)
2019-02-19 11:20:42.892  INFO 42536 --- [main] s.w.s.m.m.a.RequestMappingHandlerMapping : Mapped "{[/u/{username}/blogs/edit],methods=[GET]}" onto public org.springframework.web.servlet.ModelAndView com.waylau.spring.boot.blog.controlller.UserspaceController.createBlog(java.lang.String,org.springframework.ui.Model)
2019-02-19 11:20:42.892  INFO 42536 --- [main] s.w.s.m.m.a.RequestMappingHandlerMapping : Mapped "{[/u/{username}/profile],methods=[POST]}" onto public java.lang.String com.waylau.spring.boot.blog.controlller.UserspaceController.saveProfile(java.lang.String,com.waylau.spring.boot.blog.domain.User)
2019-02-19 11:20:42.893  INFO 42536 --- [main] s.w.s.m.m.a.RequestMappingHandlerMapping : Mapped "{[/u/{username}/blogs/{id}],methods=[GET]}" onto public java.lang.String com.waylau.spring.boot.blog.controlller.UserspaceController.getBlogById(java.lang.String,java.lang.Long,org.springframework.ui.Model)
2019-02-19 11:20:42.893  INFO 42536 --- [main] s.w.s.m.m.a.RequestMappingHandlerMapping : Mapped "{[/u/{username}],methods=[GET]}" onto public java.lang.String com.waylau.spring.boot.blog.controlller.UserspaceController.userSpace(java.lang.String,org.springframework.ui.Model)
2019-02-19 11:20:42.893  INFO 42536 --- [main] s.w.s.m.m.a.RequestMappingHandlerMapping : Mapped "{[/u/{username}/avatar],methods=[GET]}" onto public org.springframework.web.servlet.ModelAndView com.waylau.spring.boot.blog.controlller.UserspaceController.avatar(java.lang.String,org.springframework.ui.Model)
2019-02-19 11:20:42.893  INFO 42536 --- [main] s.w.s.m.m.a.RequestMappingHandlerMapping : Mapped "{[/u/{username}/avatar],methods=[POST]}" onto public org.springframework.http.ResponseEntity<com.waylau.spring.boot.blog.vo.Response> com.waylau.spring.boot.blog.controlller.UserspaceController.saveAvatar(java.lang.String,com.waylau.spring.boot.blog.domain.User)
2019-02-19 11:20:42.893  INFO 42536 --- [main] s.w.s.m.m.a.RequestMappingHandlerMapping : Mapped "{[/u/{username}/blogs/edit],methods=[POST]}" onto public org.springframework.http.ResponseEntity<com.waylau.spring.boot.blog.vo.Response> com.waylau.spring.boot.blog.controlller.UserspaceController.saveBlog(java.lang.String,com.waylau.spring.boot.blog.domain.Blog)
2019-02-19 11:20:42.894  INFO 42536 --- [main] s.w.s.m.m.a.RequestMappingHandlerMapping : Mapped "{[/u/{username}/blogs/edit/{id}],methods=[GET]}" onto public org.springframework.web.servlet.ModelAndView com.waylau.spring.boot.blog.controlller.UserspaceController.editBlog(java.lang.String,java.lang.Long,org.springframework.ui.Model)
2019-02-19 11:20:42.896  INFO 42536 --- [main] s.w.s.m.m.a.RequestMappingHandlerMapping : Mapped "{[/u/{username}/blogs/{id}],methods=[DELETE]}" onto public org.springframework.http.ResponseEntity<com.waylau.spring.boot.blog.vo.Response> com.waylau.spring.boot.blog.controlller.UserspaceController.deleteBlog(java.lang.String,java.lang.Long)
2019-02-19 11:20:42.898  INFO 42536 --- [main] s.w.s.m.m.a.RequestMappingHandlerMapping : Mapped "{[/votes/{id}],methods=[DELETE]}" onto public org.springframework.http.ResponseEntity<com.waylau.spring.boot.blog.vo.Response> com.waylau.spring.boot.blog.controlller.VoteController.delete(java.lang.Long,java.lang.Long)
2019-02-19 11:20:42.899  INFO 42536 --- [main] s.w.s.m.m.a.RequestMappingHandlerMapping : Mapped "{[/votes],methods=[POST]}" onto public org.springframework.http.ResponseEntity<com.waylau.spring.boot.blog.vo.Response> com.waylau.spring.boot.blog.controlller.VoteController.createVote(java.lang.Long)
2019-02-19 11:20:42.901  INFO 42536 --- [main] s.w.s.m.m.a.RequestMappingHandlerMapping : Mapped "{[/error]}" onto public org.springframework.http.ResponseEntity<java.util.Map<java.lang.String, java.lang.Object>> org.springframework.boot.autoconfigure.web.BasicErrorController.error(javax.servlet.http.HttpServletRequest)
2019-02-19 11:20:42.901  INFO 42536 --- [main] s.w.s.m.m.a.RequestMappingHandlerMapping : Mapped "{[/error],produces=[text/html]}" onto public org.springframework.web.servlet.ModelAndView org.springframework.boot.autoconfigure.web.BasicErrorController.errorHtml(javax.servlet.http.HttpServletRequest,javax.servlet.http.HttpServletResponse)
2019-02-19 11:20:43.074  INFO 42536 --- [main] o.s.w.s.handler.SimpleUrlHandlerMapping  : Mapped URL path [/webjars/**] onto handler of type [class org.springframework.web.servlet.resource.ResourceHttpRequestHandler]
2019-02-19 11:20:43.074  INFO 42536 --- [main] o.s.w.s.handler.SimpleUrlHandlerMapping  : Mapped URL path [/**] onto handler of type [class org.springframework.web.servlet.resource.ResourceHttpRequestHandler]
2019-02-19 11:20:43.246  INFO 42536 --- [main] o.s.w.s.handler.SimpleUrlHandlerMapping  : Mapped URL path [/**/favicon.ico] onto handler of type [class org.springframework.web.servlet.resource.ResourceHttpRequestHandler]
2019-02-19 11:20:43.359  WARN 42536 --- [main] org.thymeleaf.templatemode.TemplateMode  : [THYMELEAF][main] Template Mode 'HTML5' is deprecated. Using Template Mode 'HTML' instead.
2019-02-19 11:20:44.693  INFO 42536 --- [main] o.s.j.e.a.AnnotationMBeanExporter        : Registering beans for JMX exposure on startup
2019-02-19 11:20:44.766  INFO 42536 --- [main] s.b.c.e.t.TomcatEmbeddedServletContainer : Tomcat started on port(s): 8080 (http)
2019-02-19 11:20:44.775  INFO 42536 --- [main] com.waylau.spring.boot.blog.Application  : Started Application in 17.528 seconds (JVM running for 20.838)
2019-02-19 11:27:38.467  INFO 42964 --- [main] com.waylau.spring.boot.blog.Application  : Starting Application on DESKTOP-ACSFKM0 with PID 42964 (E:\JavaProject\blog\out\production\classes started by Lenovo in E:\JavaProject\blog)
2019-02-19 11:27:38.474 DEBUG 42964 --- [main] com.waylau.spring.boot.blog.Application  : Running with Spring Boot v1.5.2.RELEASE, Spring v4.3.7.RELEASE
2019-02-19 11:27:38.479  INFO 42964 --- [main] com.waylau.spring.boot.blog.Application  : No active profile set, falling back to default profiles: default
2019-02-19 11:27:38.987  INFO 42964 --- [main] ationConfigEmbeddedWebApplicationContext : Refreshing org.springframework.boot.context.embedded.AnnotationConfigEmbeddedWebApplicationContext@68dc098b: startup date [Tue Feb 19 11:27:38 CST 2019]; root of context hierarchy
2019-02-19 11:27:40.356  INFO 42964 --- [main] .s.d.r.c.RepositoryConfigurationDelegate : Multiple Spring Data modules found, entering strict repository configuration mode!
2019-02-19 11:27:40.433  INFO 42964 --- [main] .RepositoryConfigurationExtensionSupport : Spring Data Elasticsearch - Could not safely identify store assignment for repository candidate interface com.waylau.spring.boot.blog.repository.BlogRepository.
2019-02-19 11:27:40.441  INFO 42964 --- [main] .RepositoryConfigurationExtensionSupport : Spring Data Elasticsearch - Could not safely identify store assignment for repository candidate interface com.waylau.spring.boot.blog.repository.CatalogRepository.
2019-02-19 11:27:40.443  INFO 42964 --- [main] .RepositoryConfigurationExtensionSupport : Spring Data Elasticsearch - Could not safely identify store assignment for repository candidate interface com.waylau.spring.boot.blog.repository.VoteRepository.
2019-02-19 11:27:40.445  INFO 42964 --- [main] .RepositoryConfigurationExtensionSupport : Spring Data Elasticsearch - Could not safely identify store assignment for repository candidate interface com.waylau.spring.boot.blog.repository.CommentRepository.
2019-02-19 11:27:40.451  INFO 42964 --- [main] .RepositoryConfigurationExtensionSupport : Spring Data Elasticsearch - Could not safely identify store assignment for repository candidate interface com.waylau.spring.boot.blog.repository.UserRepository.
2019-02-19 11:27:40.454  INFO 42964 --- [main] .RepositoryConfigurationExtensionSupport : Spring Data Elasticsearch - Could not safely identify store assignment for repository candidate interface com.waylau.spring.boot.blog.repository.AuthorityRepository.
2019-02-19 11:27:40.486  INFO 42964 --- [main] .s.d.r.c.RepositoryConfigurationDelegate : Multiple Spring Data modules found, entering strict repository configuration mode!
2019-02-19 11:27:40.545  INFO 42964 --- [main] .RepositoryConfigurationExtensionSupport : Spring Data JPA - Could not safely identify store assignment for repository candidate interface com.waylau.spring.boot.blog.repository.es.EsBlogRepository.
2019-02-19 11:27:41.430  INFO 42964 --- [main] trationDelegate$BeanPostProcessorChecker : Bean 'org.springframework.transaction.annotation.ProxyTransactionManagementConfiguration' of type [org.springframework.transaction.annotation.ProxyTransactionManagementConfiguration$$EnhancerBySpringCGLIB$$49265d9] is not eligible for getting processed by all BeanPostProcessors (for example: not eligible for auto-proxying)
2019-02-19 11:27:41.515  INFO 42964 --- [main] trationDelegate$BeanPostProcessorChecker : Bean 'org.springframework.security.config.annotation.configuration.ObjectPostProcessorConfiguration' of type [org.springframework.security.config.annotation.configuration.ObjectPostProcessorConfiguration$$EnhancerBySpringCGLIB$$9d402e13] is not eligible for getting processed by all BeanPostProcessors (for example: not eligible for auto-proxying)
2019-02-19 11:27:41.529  INFO 42964 --- [main] trationDelegate$BeanPostProcessorChecker : Bean 'objectPostProcessor' of type [org.springframework.security.config.annotation.configuration.AutowireBeanFactoryObjectPostProcessor] is not eligible for getting processed by all BeanPostProcessors (for example: not eligible for auto-proxying)
2019-02-19 11:27:41.532  INFO 42964 --- [main] trationDelegate$BeanPostProcessorChecker : Bean 'org.springframework.security.access.expression.method.DefaultMethodSecurityExpressionHandler@4375b013' of type [org.springframework.security.access.expression.method.DefaultMethodSecurityExpressionHandler] is not eligible for getting processed by all BeanPostProcessors (for example: not eligible for auto-proxying)
2019-02-19 11:27:41.542  INFO 42964 --- [main] trationDelegate$BeanPostProcessorChecker : Bean 'org.springframework.security.config.annotation.method.configuration.GlobalMethodSecurityConfiguration' of type [org.springframework.security.config.annotation.method.configuration.GlobalMethodSecurityConfiguration$$EnhancerBySpringCGLIB$$c214d0c5] is not eligible for getting processed by all BeanPostProcessors (for example: not eligible for auto-proxying)
2019-02-19 11:27:41.559  INFO 42964 --- [main] trationDelegate$BeanPostProcessorChecker : Bean 'methodSecurityMetadataSource' of type [org.springframework.security.access.method.DelegatingMethodSecurityMetadataSource] is not eligible for getting processed by all BeanPostProcessors (for example: not eligible for auto-proxying)
2019-02-19 11:27:42.091  INFO 42964 --- [main] s.b.c.e.t.TomcatEmbeddedServletContainer : Tomcat initialized with port(s): 8080 (http)
2019-02-19 11:27:42.105  INFO 42964 --- [main] o.apache.catalina.core.StandardService   : Starting service Tomcat
2019-02-19 11:27:42.107  INFO 42964 --- [main] org.apache.catalina.core.StandardEngine  : Starting Servlet Engine: Apache Tomcat/8.5.11
2019-02-19 11:27:42.301  INFO 42964 --- [localhost-startStop-1] o.a.c.c.C.[Tomcat].[localhost].[/]       : Initializing Spring embedded WebApplicationContext
2019-02-19 11:27:42.302  INFO 42964 --- [localhost-startStop-1] o.s.web.context.ContextLoader            : Root WebApplicationContext: initialization completed in 3320 ms
2019-02-19 11:27:42.735  INFO 42964 --- [localhost-startStop-1] o.s.b.w.servlet.FilterRegistrationBean   : Mapping filter: 'characterEncodingFilter' to: [/*]
2019-02-19 11:27:42.736  INFO 42964 --- [localhost-startStop-1] o.s.b.w.servlet.FilterRegistrationBean   : Mapping filter: 'hiddenHttpMethodFilter' to: [/*]
2019-02-19 11:27:42.736  INFO 42964 --- [localhost-startStop-1] o.s.b.w.servlet.FilterRegistrationBean   : Mapping filter: 'httpPutFormContentFilter' to: [/*]
2019-02-19 11:27:42.736  INFO 42964 --- [localhost-startStop-1] o.s.b.w.servlet.FilterRegistrationBean   : Mapping filter: 'requestContextFilter' to: [/*]
2019-02-19 11:27:42.738  INFO 42964 --- [localhost-startStop-1] .s.DelegatingFilterProxyRegistrationBean : Mapping filter: 'springSecurityFilterChain' to: [/*]
2019-02-19 11:27:42.738  INFO 42964 --- [localhost-startStop-1] o.s.b.w.servlet.ServletRegistrationBean  : Mapping servlet: 'dispatcherServlet' to [/]
2019-02-19 11:27:43.227  WARN 42964 --- [main] o.a.tomcat.jdbc.pool.ConnectionPool      : maxIdle is larger than maxActive, setting maxIdle to: 20
2019-02-19 11:27:43.574  INFO 42964 --- [main] j.LocalContainerEntityManagerFactoryBean : Building JPA container EntityManagerFactory for persistence unit 'default'
2019-02-19 11:27:43.592  INFO 42964 --- [main] o.hibernate.jpa.internal.util.LogHelper  : HHH000204: Processing PersistenceUnitInfo [
	name: default
	...]
2019-02-19 11:27:43.717  INFO 42964 --- [main] org.hibernate.Version                    : HHH000412: Hibernate Core {5.2.8.Final}
2019-02-19 11:27:43.719  INFO 42964 --- [main] org.hibernate.cfg.Environment            : HHH000206: hibernate.properties not found
2019-02-19 11:27:43.806  INFO 42964 --- [main] o.hibernate.annotations.common.Version   : HCANN000001: Hibernate Commons Annotations {5.0.1.Final}
2019-02-19 11:27:44.232  INFO 42964 --- [main] org.hibernate.dialect.Dialect            : HHH000400: Using dialect: org.hibernate.dialect.MySQL5Dialect
2019-02-19 11:27:45.171  INFO 42964 --- [main] j.LocalContainerEntityManagerFactoryBean : Initialized JPA EntityManagerFactory for persistence unit 'default'
2019-02-19 11:27:47.310  INFO 42964 --- [main] org.elasticsearch.plugins                : [Man-Brute] modules [], plugins [], sites []
2019-02-19 11:27:48.774  INFO 42964 --- [main] o.s.d.e.c.TransportClientFactoryBean     : adding transport node : 192.168.213.129:9300
2019-02-19 11:27:49.222 ERROR 42964 --- [main] .d.e.r.s.AbstractElasticsearchRepository : failed to load elasticsearch nodes : org.elasticsearch.index.mapper.MapperParsingException: No type specified for field [blogId]
2019-02-19 11:27:50.055  INFO 42964 --- [main] o.s.s.web.DefaultSecurityFilterChain     : Creating filter chain: org.springframework.security.web.util.matcher.AnyRequestMatcher@1, [org.springframework.security.web.context.request.async.WebAsyncManagerIntegrationFilter@6ae5e1cf, org.springframework.security.web.context.SecurityContextPersistenceFilter@41935a9d, org.springframework.security.web.header.HeaderWriterFilter@c770b57, org.springframework.security.web.csrf.CsrfFilter@3da6950f, org.springframework.security.web.authentication.logout.LogoutFilter@7866fe3e, org.springframework.security.web.authentication.UsernamePasswordAuthenticationFilter@787b7796, org.springframework.security.web.savedrequest.RequestCacheAwareFilter@565030b7, org.springframework.security.web.servletapi.SecurityContextHolderAwareRequestFilter@22cf1808, org.springframework.security.web.authentication.rememberme.RememberMeAuthenticationFilter@a0e35c3, org.springframework.security.web.authentication.AnonymousAuthenticationFilter@f9979cf, org.springframework.security.web.session.SessionManagementFilter@55731ccd, org.springframework.security.web.access.ExceptionTranslationFilter@1e9f6095, org.springframework.security.web.access.intercept.FilterSecurityInterceptor@3fe21d0e]
2019-02-19 11:27:50.236  INFO 42964 --- [main] s.w.s.m.m.a.RequestMappingHandlerAdapter : Looking for @ControllerAdvice: org.springframework.boot.context.embedded.AnnotationConfigEmbeddedWebApplicationContext@68dc098b: startup date [Tue Feb 19 11:27:38 CST 2019]; root of context hierarchy
2019-02-19 11:27:50.432  INFO 42964 --- [main] s.w.s.m.m.a.RequestMappingHandlerMapping : Mapped "{[/admins],methods=[GET]}" onto public org.springframework.web.servlet.ModelAndView com.waylau.spring.boot.blog.controlller.AdminController.listUsers(org.springframework.ui.Model)
2019-02-19 11:27:50.434  INFO 42964 --- [main] s.w.s.m.m.a.RequestMappingHandlerMapping : Mapped "{[/blogs],methods=[GET]}" onto public java.lang.String com.waylau.spring.boot.blog.controlller.BlogController.listEsBlogs(java.lang.String,java.lang.String,boolean,int,int,org.springframework.ui.Model)
2019-02-19 11:27:50.438  INFO 42964 --- [main] s.w.s.m.m.a.RequestMappingHandlerMapping : Mapped "{[/catalogs/{id}],methods=[DELETE]}" onto public org.springframework.http.ResponseEntity<com.waylau.spring.boot.blog.vo.Response> com.waylau.spring.boot.blog.controlller.CatalogController.delete(java.lang.String,java.lang.Long)
2019-02-19 11:27:50.438  INFO 42964 --- [main] s.w.s.m.m.a.RequestMappingHandlerMapping : Mapped "{[/catalogs],methods=[POST]}" onto public org.springframework.http.ResponseEntity<com.waylau.spring.boot.blog.vo.Response> com.waylau.spring.boot.blog.controlller.CatalogController.create(com.waylau.spring.boot.blog.vo.CatalogVO)
2019-02-19 11:27:50.438  INFO 42964 --- [main] s.w.s.m.m.a.RequestMappingHandlerMapping : Mapped "{[/catalogs],methods=[GET]}" onto public java.lang.String com.waylau.spring.boot.blog.controlller.CatalogController.listComments(java.lang.String,org.springframework.ui.Model)
2019-02-19 11:27:50.439  INFO 42964 --- [main] s.w.s.m.m.a.RequestMappingHandlerMapping : Mapped "{[/catalogs/edit/{id}],methods=[GET]}" onto public java.lang.String com.waylau.spring.boot.blog.controlller.CatalogController.getCatalogById(java.lang.Long,org.springframework.ui.Model)
2019-02-19 11:27:50.439  INFO 42964 --- [main] s.w.s.m.m.a.RequestMappingHandlerMapping : Mapped "{[/catalogs/edit],methods=[GET]}" onto public java.lang.String com.waylau.spring.boot.blog.controlller.CatalogController.getCatalogEdit(org.springframework.ui.Model)
2019-02-19 11:27:50.440  INFO 42964 --- [main] s.w.s.m.m.a.RequestMappingHandlerMapping : Mapped "{[/comments/{id}],methods=[DELETE]}" onto public org.springframework.http.ResponseEntity<com.waylau.spring.boot.blog.vo.Response> com.waylau.spring.boot.blog.controlller.CommentController.delete(java.lang.Long,java.lang.Long)
2019-02-19 11:27:50.440  INFO 42964 --- [main] s.w.s.m.m.a.RequestMappingHandlerMapping : Mapped "{[/comments],methods=[GET]}" onto public java.lang.String com.waylau.spring.boot.blog.controlller.CommentController.listComments(java.lang.Long,org.springframework.ui.Model)
2019-02-19 11:27:50.440  INFO 42964 --- [main] s.w.s.m.m.a.RequestMappingHandlerMapping : Mapped "{[/comments],methods=[POST]}" onto public org.springframework.http.ResponseEntity<com.waylau.spring.boot.blog.vo.Response> com.waylau.spring.boot.blog.controlller.CommentController.createComment(java.lang.Long,java.lang.String,javax.servlet.http.HttpServletRequest)
2019-02-19 11:27:50.442  INFO 42964 --- [main] s.w.s.m.m.a.RequestMappingHandlerMapping : Mapped "{[/error],methods=[GET]}" onto public java.lang.String com.waylau.spring.boot.blog.controlller.MainController.error()
2019-02-19 11:27:50.442  INFO 42964 --- [main] s.w.s.m.m.a.RequestMappingHandlerMapping : Mapped "{[/index],methods=[GET]}" onto public java.lang.String com.waylau.spring.boot.blog.controlller.MainController.index()
2019-02-19 11:27:50.442  INFO 42964 --- [main] s.w.s.m.m.a.RequestMappingHandlerMapping : Mapped "{[/register],methods=[GET]}" onto public java.lang.String com.waylau.spring.boot.blog.controlller.MainController.register()
2019-02-19 11:27:50.442  INFO 42964 --- [main] s.w.s.m.m.a.RequestMappingHandlerMapping : Mapped "{[/],methods=[GET]}" onto public java.lang.String com.waylau.spring.boot.blog.controlller.MainController.root()
2019-02-19 11:27:50.444  INFO 42964 --- [main] s.w.s.m.m.a.RequestMappingHandlerMapping : Mapped "{[/verify],methods=[GET]}" onto public org.springframework.http.ResponseEntity<com.waylau.spring.boot.blog.vo.Response> com.waylau.spring.boot.blog.controlller.MainController.verify(java.lang.String)
2019-02-19 11:27:50.444  INFO 42964 --- [main] s.w.s.m.m.a.RequestMappingHandlerMapping : Mapped "{[/login-error],methods=[GET]}" onto public java.lang.String com.waylau.spring.boot.blog.controlller.MainController.loginError(org.springframework.ui.Model)
2019-02-19 11:27:50.444  INFO 42964 --- [main] s.w.s.m.m.a.RequestMappingHandlerMapping : Mapped "{[/login],methods=[GET]}" onto public java.lang.String com.waylau.spring.boot.blog.controlller.MainController.login()
2019-02-19 11:27:50.450  INFO 42964 --- [main] s.w.s.m.m.a.RequestMappingHandlerMapping : Mapped "{[/users/{id}],methods=[DELETE]}" onto public org.springframework.http.ResponseEntity<com.waylau.spring.boot.blog.vo.Response> com.waylau.spring.boot.blog.controlller.UserController.delete(java.lang.Long,org.springframework.ui.Model)
2019-02-19 11:27:50.450  INFO 42964 --- [main] s.w.s.m.m.a.RequestMappingHandlerMapping : Mapped "{[/users],methods=[GET]}" onto public org.springframework.web.servlet.ModelAndView com.waylau.spring.boot.blog.controlller.UserController.list(boolean,int,int,java.lang.String,org.springframework.ui.Model)
2019-02-19 11:27:50.451  INFO 42964 --- [main] s.w.s.m.m.a.RequestMappingHandlerMapping : Mapped "{[/users/edit/{id}],methods=[GET]}" onto public org.springframework.web.servlet.ModelAndView com.waylau.spring.boot.blog.controlller.UserController.modifyForm(java.lang.Long,org.springframework.ui.Model)
2019-02-19 11:27:50.451  INFO 42964 --- [main] s.w.s.m.m.a.RequestMappingHandlerMapping : Mapped "{[/users],methods=[POST]}" onto public org.springframework.http.ResponseEntity<com.waylau.spring.boot.blog.vo.Response> com.waylau.spring.boot.blog.controlller.UserController.saveOrUpateUser(com.waylau.spring.boot.blog.domain.User,java.lang.Long)
2019-02-19 11:27:50.452  INFO 42964 --- [main] s.w.s.m.m.a.RequestMappingHandlerMapping : Mapped "{[/users/add],methods=[GET]}" onto public org.springframework.web.servlet.ModelAndView com.waylau.spring.boot.blog.controlller.UserController.createForm(org.springframework.ui.Model)
2019-02-19 11:27:50.455  INFO 42964 --- [main] s.w.s.m.m.a.RequestMappingHandlerMapping : Mapped "{[/u/{username}/profile],methods=[GET]}" onto public org.springframework.web.servlet.ModelAndView com.waylau.spring.boot.blog.controlller.UserspaceController.profile(java.lang.String,org.springframework.ui.Model)
2019-02-19 11:27:50.455  INFO 42964 --- [main] s.w.s.m.m.a.RequestMappingHandlerMapping : Mapped "{[/u/{username}/profile],methods=[POST]}" onto public java.lang.String com.waylau.spring.boot.blog.controlller.UserspaceController.saveProfile(java.lang.String,com.waylau.spring.boot.blog.domain.User)
2019-02-19 11:27:50.455  INFO 42964 --- [main] s.w.s.m.m.a.RequestMappingHandlerMapping : Mapped "{[/u/{username}/blogs/edit],methods=[GET]}" onto public org.springframework.web.servlet.ModelAndView com.waylau.spring.boot.blog.controlller.UserspaceController.createBlog(java.lang.String,org.springframework.ui.Model)
2019-02-19 11:27:50.455  INFO 42964 --- [main] s.w.s.m.m.a.RequestMappingHandlerMapping : Mapped "{[/u/{username}/avatar],methods=[POST]}" onto public org.springframework.http.ResponseEntity<com.waylau.spring.boot.blog.vo.Response> com.waylau.spring.boot.blog.controlller.UserspaceController.saveAvatar(java.lang.String,com.waylau.spring.boot.blog.domain.User)
2019-02-19 11:27:50.456  INFO 42964 --- [main] s.w.s.m.m.a.RequestMappingHandlerMapping : Mapped "{[/u/{username}/blogs],methods=[GET]}" onto public java.lang.String com.waylau.spring.boot.blog.controlller.UserspaceController.listBlogsByOrder(java.lang.String,java.lang.String,java.lang.Long,java.lang.String,boolean,int,int,org.springframework.ui.Model)
2019-02-19 11:27:50.456  INFO 42964 --- [main] s.w.s.m.m.a.RequestMappingHandlerMapping : Mapped "{[/u/{username}/blogs/edit/{id}],methods=[GET]}" onto public org.springframework.web.servlet.ModelAndView com.waylau.spring.boot.blog.controlller.UserspaceController.editBlog(java.lang.String,java.lang.Long,org.springframework.ui.Model)
2019-02-19 11:27:50.456  INFO 42964 --- [main] s.w.s.m.m.a.RequestMappingHandlerMapping : Mapped "{[/u/{username}/blogs/edit],methods=[POST]}" onto public org.springframework.http.ResponseEntity<com.waylau.spring.boot.blog.vo.Response> com.waylau.spring.boot.blog.controlller.UserspaceController.saveBlog(java.lang.String,com.waylau.spring.boot.blog.domain.Blog)
2019-02-19 11:27:50.456  INFO 42964 --- [main] s.w.s.m.m.a.RequestMappingHandlerMapping : Mapped "{[/u/{username}/blogs/{id}],methods=[DELETE]}" onto public org.springframework.http.ResponseEntity<com.waylau.spring.boot.blog.vo.Response> com.waylau.spring.boot.blog.controlller.UserspaceController.deleteBlog(java.lang.String,java.lang.Long)
2019-02-19 11:27:50.457  INFO 42964 --- [main] s.w.s.m.m.a.RequestMappingHandlerMapping : Mapped "{[/u/{username}/avatar],methods=[GET]}" onto public org.springframework.web.servlet.ModelAndView com.waylau.spring.boot.blog.controlller.UserspaceController.avatar(java.lang.String,org.springframework.ui.Model)
2019-02-19 11:27:50.458  INFO 42964 --- [main] s.w.s.m.m.a.RequestMappingHandlerMapping : Mapped "{[/u/{username}],methods=[GET]}" onto public java.lang.String com.waylau.spring.boot.blog.controlller.UserspaceController.userSpace(java.lang.String,org.springframework.ui.Model)
2019-02-19 11:27:50.461  INFO 42964 --- [main] s.w.s.m.m.a.RequestMappingHandlerMapping : Mapped "{[/u/{username}/blogs/{id}],methods=[GET]}" onto public java.lang.String com.waylau.spring.boot.blog.controlller.UserspaceController.getBlogById(java.lang.String,java.lang.Long,org.springframework.ui.Model)
2019-02-19 11:27:50.462  INFO 42964 --- [main] s.w.s.m.m.a.RequestMappingHandlerMapping : Mapped "{[/votes/{id}],methods=[DELETE]}" onto public org.springframework.http.ResponseEntity<com.waylau.spring.boot.blog.vo.Response> com.waylau.spring.boot.blog.controlller.VoteController.delete(java.lang.Long,java.lang.Long)
2019-02-19 11:27:50.462  INFO 42964 --- [main] s.w.s.m.m.a.RequestMappingHandlerMapping : Mapped "{[/votes],methods=[POST]}" onto public org.springframework.http.ResponseEntity<com.waylau.spring.boot.blog.vo.Response> com.waylau.spring.boot.blog.controlller.VoteController.createVote(java.lang.Long)
2019-02-19 11:27:50.464  INFO 42964 --- [main] s.w.s.m.m.a.RequestMappingHandlerMapping : Mapped "{[/error]}" onto public org.springframework.http.ResponseEntity<java.util.Map<java.lang.String, java.lang.Object>> org.springframework.boot.autoconfigure.web.BasicErrorController.error(javax.servlet.http.HttpServletRequest)
2019-02-19 11:27:50.465  INFO 42964 --- [main] s.w.s.m.m.a.RequestMappingHandlerMapping : Mapped "{[/error],produces=[text/html]}" onto public org.springframework.web.servlet.ModelAndView org.springframework.boot.autoconfigure.web.BasicErrorController.errorHtml(javax.servlet.http.HttpServletRequest,javax.servlet.http.HttpServletResponse)
2019-02-19 11:27:50.631  INFO 42964 --- [main] o.s.w.s.handler.SimpleUrlHandlerMapping  : Mapped URL path [/webjars/**] onto handler of type [class org.springframework.web.servlet.resource.ResourceHttpRequestHandler]
2019-02-19 11:27:50.631  INFO 42964 --- [main] o.s.w.s.handler.SimpleUrlHandlerMapping  : Mapped URL path [/**] onto handler of type [class org.springframework.web.servlet.resource.ResourceHttpRequestHandler]
2019-02-19 11:27:50.811  INFO 42964 --- [main] o.s.w.s.handler.SimpleUrlHandlerMapping  : Mapped URL path [/**/favicon.ico] onto handler of type [class org.springframework.web.servlet.resource.ResourceHttpRequestHandler]
2019-02-19 11:27:50.917  WARN 42964 --- [main] org.thymeleaf.templatemode.TemplateMode  : [THYMELEAF][main] Template Mode 'HTML5' is deprecated. Using Template Mode 'HTML' instead.
2019-02-19 11:27:52.146  INFO 42964 --- [main] o.s.j.e.a.AnnotationMBeanExporter        : Registering beans for JMX exposure on startup
2019-02-19 11:27:52.219  INFO 42964 --- [main] s.b.c.e.t.TomcatEmbeddedServletContainer : Tomcat started on port(s): 8080 (http)
2019-02-19 11:27:52.227  INFO 42964 --- [main] com.waylau.spring.boot.blog.Application  : Started Application in 14.633 seconds (JVM running for 17.956)
2019-02-19 11:27:57.508  INFO 42964 --- [http-nio-8080-exec-2] o.a.c.c.C.[Tomcat].[localhost].[/]       : Initializing Spring FrameworkServlet 'dispatcherServlet'
2019-02-19 11:27:57.508  INFO 42964 --- [http-nio-8080-exec-2] o.s.web.servlet.DispatcherServlet        : FrameworkServlet 'dispatcherServlet': initialization started
2019-02-19 11:27:57.548  INFO 42964 --- [http-nio-8080-exec-2] o.s.web.servlet.DispatcherServlet        : FrameworkServlet 'dispatcherServlet': initialization completed in 39 ms
2019-02-19 11:27:58.047  INFO 42964 --- [http-nio-8080-exec-1] o.h.h.i.QueryTranslatorFactoryInitiator  : HHH000397: Using ASTQueryTranslatorFactory
